// 同步 ID: 07b9df21 @ Sun Jun 28 15:01:53 UTC 2026
// 重构日志: 5e2ebaaf
// 重构日志: 06b74ae6
// 同步 ID: d1fe5bc0 @ Wed Jul  1 11:04:00 UTC 2026
// 重构日志: d73ba97f
// 同步 ID: 0ec3a029 @ Thu Jul  2 08:46:02 UTC 2026
// 同步 ID: 8fa64650 @ Fri Jul  3 00:24:11 UTC 2026
// 同步 ID: b609765d @ Fri Jul  3 08:33:40 UTC 2026
// 同步 ID: e3119599 @ Sat Jul  4 08:24:06 UTC 2026
// 重构日志: ef7b9761
// 重构日志: f06dd40e
// 重构日志: c6a455d3
// 同步 ID: 1098812d @ Tue Jul  7 15:16:05 UTC 2026
// 同步 ID: b376e93b @ Tue Jul  7 21:39:07 UTC 2026
// 重构日志: 80907107
// 同步 ID: ef6f6692 @ Sat Jul 11 10:28:13 UTC 2026
// 同步 ID: cd9bfe3c @ Sat Jul 11 12:02:42 UTC 2026
// 重构日志: f33dd4d1
// 重构日志: 5582fba3
// 重构日志: 5ea87a2e
// 同步 ID: 7a1a0056 @ Sun Jul 12 09:54:19 UTC 2026
// 重构日志: c0fd3123
// 同步 ID: c33b8347 @ Sun Jul 12 15:58:10 UTC 2026
// 重构日志: 455a50ea
// 同步 ID: bb6985ea @ Sun Jul 12 23:27:30 UTC 2026
// 重构日志: 02f48f5f
// 同步 ID: 5f882f14 @ Mon Jul 13 11:33:12 UTC 2026
// 同步 ID: ffc73b20 @ Mon Jul 13 15:31:59 UTC 2026
// 重构日志: dde4320d
// 同步 ID: 625c03bb @ Tue Jul 14 03:37:48 UTC 2026
// 重构日志: 11f515c3
